<?xml version="1.0" encoding="utf-8"?><testsuites name="pytest tests"><testsuite name="pytest" errors="0" failures="0" skipped="0" tests="7" time="11.821" timestamp="2026-04-21T08:42:16.818423+00:00" hostname="agent-env-7412125f-3f7d-4d5d-b16f-b514b88920cd"><testcase classname="backend.tests.test_krishimitra_ai.TestHealth" name="test_health" time="0.149" /><testcase classname="backend.tests.test_krishimitra_ai.TestAIChat" name="test_chat_english_llm" time="3.795" /><testcase classname="backend.tests.test_krishimitra_ai.TestAIChat" name="test_chat_hindi_devanagari" time="2.651" /><testcase classname="backend.tests.test_krishimitra_ai.TestAIChat" name="test_chat_marathi_devanagari" time="3.529" /><testcase classname="backend.tests.test_krishimitra_ai.TestAIChat" name="test_chat_empty_message_422" time="0.046" /><testcase classname="backend.tests.test_krishimitra_ai.TestAIChat" name="test_chat_history_context" time="1.342" /><testcase classname="backend.tests.test_krishimitra_ai.TestWeather" name="test_weather_mock" time="0.044" /></testsuite></testsuites>