<?xml version="1.0" encoding="utf-8"?><testsuites name="pytest tests"><testsuite name="pytest" errors="0" failures="0" skipped="0" tests="7" time="15.942" timestamp="2026-04-24T14:00:03.374723+00:00" hostname="agent-env-7412125f-3f7d-4d5d-b16f-b514b88920cd"><testcase classname="backend.tests.test_krishimitra_ai.TestHealth" name="test_health" time="0.317" /><testcase classname="backend.tests.test_krishimitra_ai.TestAIChat" name="test_chat_english_llm" time="4.659" /><testcase classname="backend.tests.test_krishimitra_ai.TestAIChat" name="test_chat_hindi_devanagari" time="3.538" /><testcase classname="backend.tests.test_krishimitra_ai.TestAIChat" name="test_chat_marathi_devanagari" time="4.385" /><testcase classname="backend.tests.test_krishimitra_ai.TestAIChat" name="test_chat_empty_message_422" time="0.148" /><testcase classname="backend.tests.test_krishimitra_ai.TestAIChat" name="test_chat_history_context" time="2.576" /><testcase classname="backend.tests.test_krishimitra_ai.TestWeather" name="test_weather_mock" time="0.107" /></testsuite></testsuites>